<?xml version="1.0" encoding="UTF-8"?>
<!-- Generated by org.testng.reporters.JUnitReportReporter -->
<testsuite hostname="bitDev-VM1" failures="0" tests="1" name="com.paylocitybenefitsdashboard.testCases.TC_Login_2" time="0.937" errors="0" timestamp="2021-03-08T13:49:19 MST" skipped="0">
  <testcase classname="com.paylocitybenefitsdashboard.testCases.TC_Login_2" name="loginTest" time="0.937"/>
  <system-out/>
</testsuite> <!-- com.paylocitybenefitsdashboard.testCases.TC_Login_2 -->
